C51 COMPILER V9.54   DELAY                                                                 05/20/2019 22:20:23 PAGE 1   


C51 COMPILER V9.54, COMPILATION OF MODULE DELAY
OBJECT MODULE PLACED IN .\Objects\delay.obj
COMPILER INVOKED BY: E:\keil\C51\BIN\C51.EXE ..\program\delay.c COMPACT OPTIMIZE(8,SPEED) BROWSE DEBUG OBJECTEXTEND PRIN
                    -T(.\Listings\delay.lst) TABS(2) OBJECT(.\Objects\delay.obj)

line level    source

   1          #include"delay.h"
   2          
   3          void delay_us(unsigned int n)    //Œ¢√Î—” ±
   4          {
   5   1        while(n--)
   6   1        {
   7   2          _nop_();
   8   2          _nop_();
   9   2          _nop_();
  10   2          _nop_();
  11   2          _nop_();
  12   2        }
  13   1      }
  14          
  15          void delay_ms(unsigned int n)    //∫¡√Î—” ±
  16          {
  17   1        while(n--)
  18   1        {
  19   2          delay_us(1000);
  20   2        }
  21   1      }
  22          
  23          /****************************************************33.1776MHzæ´»∑—” ±***********************************
             -****************/
  24          void delay10us()    //@33.1776MHz 10Œ¢√Î
  25          {
  26   1        unsigned char i;
  27   1      
  28   1        _nop_();
  29   1        _nop_();
  30   1        i = 80;
  31   1        while (--i);
  32   1      }
  33          void delay1ms()   //@33.1776MHz  1∫¡√Î
  34          {
  35   1        unsigned char i, j;
  36   1      
  37   1        _nop_();
  38   1        _nop_();
  39   1        i = 33;
  40   1        j = 66;
  41   1        do
  42   1        {
  43   2          while (--j);
  44   2        } while (--i);
  45   1      }


MODULE INFORMATION:   STATIC OVERLAYABLE
   CODE SIZE        =     60    ----
   CONSTANT SIZE    =   ----    ----
   XDATA SIZE       =   ----    ----
   PDATA SIZE       =   ----    ----
   DATA SIZE        =   ----    ----
C51 COMPILER V9.54   DELAY                                                                 05/20/2019 22:20:23 PAGE 2   

   IDATA SIZE       =   ----    ----
   BIT SIZE         =   ----    ----
END OF MODULE INFORMATION.


C51 COMPILATION COMPLETE.  0 WARNING(S),  0 ERROR(S)
