C51 COMPILER V9.54   LCD1602                                                               05/20/2019 22:20:23 PAGE 1   


C51 COMPILER V9.54, COMPILATION OF MODULE LCD1602
OBJECT MODULE PLACED IN .\Objects\lcd1602.obj
COMPILER INVOKED BY: E:\keil\C51\BIN\C51.EXE ..\program\lcd1602.c COMPACT OPTIMIZE(8,SPEED) BROWSE DEBUG OBJECTEXTEND PR
                    -INT(.\Listings\lcd1602.lst) TABS(2) OBJECT(.\Objects\lcd1602.obj)

line level    source

   1          #include"lcd1602.h"
   2          
   3          #define LCD1602DB P0
   4          
   5          sbit LCD1602E = P1^2;
   6          sbit LCD1602RS = P2^0;
   7          sbit LCD1602RW = P2^1;
   8          
   9          void LcdWait(void)       //忙位检测
  10          {
  11   1        unsigned char sta;
  12   1        LCD1602DB = 0XFF;
  13   1        LCD1602RS = 0;
  14   1        LCD1602RW = 1;
  15   1        do
  16   1        {
  17   2          LCD1602E = 1;
  18   2          sta = LCD1602DB;
  19   2          LCD1602E = 0;
  20   2        }while(sta & 0X80);
  21   1      }
  22          
  23          void LcdWriteCmd(unsigned char cmd)   //写指令
  24          {
  25   1        LcdWait();
  26   1        LCD1602RS = 0;
  27   1        LCD1602RW = 0;
  28   1        LCD1602DB = cmd;
  29   1        delay_ms(4);
  30   1        LCD1602E = 1;
  31   1        LCD1602E = 0;
  32   1      }
  33          
  34          void LcdWriteDat(unsigned char dat)     //写数据
  35          {
  36   1        LcdWait();
  37   1        LCD1602RS = 1;
  38   1        LCD1602RW = 0;
  39   1        LCD1602DB = dat;
  40   1        delay_ms(4);
  41   1        LCD1602E = 1;
  42   1        LCD1602E = 0;
  43   1      }
  44          
  45          void LcdInit(void)       //LCD初始化
  46          {
  47   1        LcdWriteCmd(0X38);
  48   1        delay_ms(5);
  49   1        LcdWriteCmd(0X38);
  50   1        delay_ms(5);
  51   1        LcdWriteCmd(0X38);
  52   1        delay_ms(5);
  53   1        LcdWait();
  54   1        LcdWriteCmd(0X38);
C51 COMPILER V9.54   LCD1602                                                               05/20/2019 22:20:23 PAGE 2   

  55   1        LcdWait();
  56   1        LcdWriteCmd(0X08);
  57   1        LcdWait();
  58   1        LcdWriteCmd(0X01);
  59   1        LcdWait();
  60   1        LcdWriteCmd(0X06);
  61   1        LcdWait();
  62   1        LcdWriteCmd(0X0C);  
  63   1      }
  64          
  65          void LcdAdd(unsigned char x,unsigned char y)   //设置指针数据地址
  66          {
  67   1        unsigned char add;
  68   1        if(y == 0)
  69   1        {
  70   2          add = 0X00 + x;
  71   2        }
  72   1        else
  73   1        {
  74   2          add = 0X40 + x;
  75   2        }
  76   1        LcdWriteCmd(add | 0X80);
  77   1      }
  78          
  79          void LcdShow(unsigned char x,unsigned char y,unsigned char *s)   //在设置位置显示字符
  80          {
  81   1        static unsigned char *ss;
  82   1        ss = s;
  83   1        LcdAdd(x,y);
  84   1        while(*ss)
  85   1        LcdWriteDat(*ss++);
  86   1      }


MODULE INFORMATION:   STATIC OVERLAYABLE
   CODE SIZE        =    223    ----
   CONSTANT SIZE    =   ----    ----
   XDATA SIZE       =   ----    ----
   PDATA SIZE       =      3       1
   DATA SIZE        =   ----    ----
   IDATA SIZE       =   ----    ----
   BIT SIZE         =   ----    ----
END OF MODULE INFORMATION.


C51 COMPILATION COMPLETE.  0 WARNING(S),  0 ERROR(S)
