C51 COMPILER V9.54   TIMER                                                                 05/18/2019 23:26:51 PAGE 1   


C51 COMPILER V9.54, COMPILATION OF MODULE TIMER
OBJECT MODULE PLACED IN .\Objects\timer.obj
COMPILER INVOKED BY: E:\keil\C51\BIN\C51.EXE ..\program\timer.c OPTIMIZE(8,SPEED) BROWSE DEBUG OBJECTEXTEND PRINT(.\List
                    -ings\timer.lst) TABS(2) OBJECT(.\Objects\timer.obj)

line level    source

   1          #include"timer.h"
   2          
   3          extern bit flag;
   4          
   5          void Timer0_Init(void)
   6          {
   7   1        AUXR |= 0x80; 
   8   1        TMOD &= 0xF0;
   9   1        TL0 = 0x66;    //定时1ms
  10   1        TH0 = 0x7E; 
  11   1        TF0 = 0;
  12   1        EA = 1;
  13   1        ET0 = 1;
  14   1        TR0 = 1;
  15   1      }
  16          
  17          void InterruptTimer0() interrupt 1
  18          {
  19   1        TL0 = 0x66;    //重装初载值
  20   1        TH0 = 0x7E; 
  21   1        flag = 1;
  22   1      }


MODULE INFORMATION:   STATIC OVERLAYABLE
   CODE SIZE        =     30    ----
   CONSTANT SIZE    =   ----    ----
   XDATA SIZE       =   ----    ----
   PDATA SIZE       =   ----    ----
   DATA SIZE        =   ----    ----
   IDATA SIZE       =   ----    ----
   BIT SIZE         =   ----    ----
END OF MODULE INFORMATION.


C51 COMPILATION COMPLETE.  0 WARNING(S),  0 ERROR(S)
